<?xml version="1.0" encoding="UTF-8"?>
<testsuite failures="0" errors="0" skipped="0" tests="5" time="6.328112" name="Login">
<testcase classname="Login" name="Login com sucesso" time="3.688658">
  <system-out>
    <![CDATA[2022-06-15 17:03:10 WARN Selenium [DEPRECATION] [:browser_options] :options as a parameter for driver initialization is deprecated. Use :capabilities with an Array of value capabilities/options if necessary instead.
]]>
  </system-out>
  <system-err>
    <![CDATA[]]>
  </system-err>
</testcase>
<testcase classname="Login" name="Email inválido" time="0.661258">
  <system-out>
    <![CDATA[]]>
  </system-out>
  <system-err>
    <![CDATA[]]>
  </system-err>
</testcase>
<testcase classname="Login" name="Email com dominio diferente de saudeid" time="0.579041">
  <system-out>
    <![CDATA[]]>
  </system-out>
  <system-err>
    <![CDATA[]]>
  </system-err>
</testcase>
<testcase classname="Login" name="Email ou senha incorreta (outline example : | 'EMAIL_INCORRETO' |)" time="0.715581">
  <system-out>
    <![CDATA[]]>
  </system-out>
  <system-err>
    <![CDATA[]]>
  </system-err>
</testcase>
<testcase classname="Login" name="Email ou senha incorreta (outline example : | 'SENHA_INCORRETA' |)" time="0.683574">
  <system-out>
    <![CDATA[]]>
  </system-out>
  <system-err>
    <![CDATA[]]>
  </system-err>
</testcase>
</testsuite>
